{"level":"info","message":"Application started. Initializing sync job...","timestamp":"2025-06-15T13:52:35.725Z"}
{"level":"info","message":"Sync job scheduled to run every hour.","timestamp":"2025-06-15T13:52:35.728Z"}
{"level":"info","message":"Application started. Initializing sync job...","timestamp":"2025-06-15T13:53:03.881Z"}
{"level":"info","message":"Sync job scheduled to run every hour.","timestamp":"2025-06-15T13:53:03.884Z"}
{"level":"info","message":"Application started. Initializing sync job...","timestamp":"2025-06-15T13:53:59.091Z"}
{"level":"info","message":"Sync job scheduled to run every hour.","timestamp":"2025-06-15T13:53:59.093Z"}
{"cause":{"code":"ERR_INVALID_URL","input":"undefined/companies/Bethel/customers?limit=5"},"level":"error","message":"Error during data synchronization: Failed to parse URL from undefined/companies/Bethel/customers?limit=5","stack":"TypeError: Failed to parse URL from undefined/companies/Bethel/customers?limit=5\n    at Object.fetch (node:internal/deps/undici/undici:11730:11)\n    at async #fetchData (/Users/gulshankumar/Desktop/spire/spire-hubspot-cron/src/api/spireHubspotApi.js:139:22)\n    at async SpireHubSpotAPI.getCustomersByCompany (/Users/gulshankumar/Desktop/spire/spire-hubspot-cron/src/api/spireHubspotApi.js:158:22)\n    at async Task.syncData [as _execution] (/Users/gulshankumar/Desktop/spire/spire-hubspot-cron/src/jobs/syncJob.js:8:5)","timestamp":"2025-06-15T13:54:00.132Z"}
{"level":"info","message":"Application started. Initializing sync job...","timestamp":"2025-06-15T13:54:31.793Z"}
{"level":"info","message":"Sync job scheduled to run every hour.","timestamp":"2025-06-15T13:54:31.795Z"}
{"cause":{"code":"ERR_INVALID_URL","input":"undefined/companies/Bethel/customers?limit=5"},"level":"error","message":"Error during data synchronization: Failed to parse URL from undefined/companies/Bethel/customers?limit=5","stack":"TypeError: Failed to parse URL from undefined/companies/Bethel/customers?limit=5\n    at Object.fetch (node:internal/deps/undici/undici:11730:11)\n    at async #fetchData (/Users/gulshankumar/Desktop/spire/spire-hubspot-cron/src/api/spireHubspotApi.js:139:22)\n    at async SpireHubSpotAPI.getCustomersByCompany (/Users/gulshankumar/Desktop/spire/spire-hubspot-cron/src/api/spireHubspotApi.js:158:22)\n    at async Task.syncData [as _execution] (/Users/gulshankumar/Desktop/spire/spire-hubspot-cron/src/jobs/syncJob.js:8:5)","timestamp":"2025-06-15T13:55:00.857Z"}
{"level":"info","message":"Application started. Initializing sync job...","timestamp":"2025-06-15T13:56:13.772Z"}
{"level":"info","message":"Sync job scheduled to run every hour.","timestamp":"2025-06-15T13:56:13.775Z"}
{"cause":{"code":"ERR_INVALID_URL","input":"undefined/companies/Bethel/customers?limit=5"},"level":"error","message":"Error during data synchronization: Failed to parse URL from undefined/companies/Bethel/customers?limit=5","stack":"TypeError: Failed to parse URL from undefined/companies/Bethel/customers?limit=5\n    at Object.fetch (node:internal/deps/undici/undici:11730:11)\n    at async #fetchData (/Users/gulshankumar/Desktop/spire/spire-hubspot-cron/src/api/spireHubspotApi.js:139:22)\n    at async SpireHubSpotAPI.getCustomersByCompany (/Users/gulshankumar/Desktop/spire/spire-hubspot-cron/src/api/spireHubspotApi.js:158:22)\n    at async Task.syncData [as _execution] (/Users/gulshankumar/Desktop/spire/spire-hubspot-cron/src/jobs/syncJob.js:8:5)","timestamp":"2025-06-15T13:57:00.860Z"}
{"level":"info","message":"Application started. Initializing sync job...","timestamp":"2025-06-15T13:57:45.426Z"}
{"level":"info","message":"Sync job scheduled to run every hour.","timestamp":"2025-06-15T13:57:45.428Z"}
{"level":"info","message":"Data synchronization completed successfully.","timestamp":"2025-06-15T13:58:12.738Z"}
{"level":"info","message":"Application started. Initializing sync job...","timestamp":"2025-06-15T13:59:16.961Z"}
{"level":"info","message":"Sync job scheduled to run every hour.","timestamp":"2025-06-15T13:59:16.963Z"}
{"level":"info","message":"Data synchronization completed successfully.","timestamp":"2025-06-15T14:00:09.319Z"}
{"level":"info","message":"Application started. Initializing sync job...","timestamp":"2025-06-15T14:01:17.413Z"}
{"level":"info","message":"Sync job scheduled to run every hour.","timestamp":"2025-06-15T14:01:17.417Z"}
{"level":"info","message":"Data synchronization completed successfully.","timestamp":"2025-06-15T14:02:10.489Z"}
{"level":"info","message":"Application started. Initializing sync job...","timestamp":"2025-06-15T14:03:18.075Z"}
{"level":"info","message":"Sync job scheduled to run every hour.","timestamp":"2025-06-15T14:03:18.077Z"}
{"level":"info","message":"Data synchronization completed successfully.","timestamp":"2025-06-15T14:04:09.567Z"}
{"level":"info","message":"Application started. Initializing sync job...","timestamp":"2025-06-15T14:05:03.916Z"}
{"level":"info","message":"Sync job scheduled to run every hour.","timestamp":"2025-06-15T14:05:03.921Z"}
{"level":"info","message":"Data fetched from Spire successfully. Starting to post to HubSpot...","timestamp":"2025-06-15T14:06:10.500Z"}
{"level":"error","message":"Error during data synchronization: this.associateContactToCompany is not a function","stack":"TypeError: this.associateContactToCompany is not a function\n    at /Users/gulshankumar/Desktop/spire/spire-hubspot-cron/src/api/spireHubspotApi.js:282:24\n    at process.processTicksAndRejections (node:internal/process/task_queues:95:5)\n    at async Promise.all (index 2)\n    at async SpireHubSpotAPI.postContactsToHubspot (/Users/gulshankumar/Desktop/spire/spire-hubspot-cron/src/api/spireHubspotApi.js:265:5)\n    at async Task.syncData [as _execution] (/Users/gulshankumar/Desktop/spire/spire-hubspot-cron/src/jobs/syncJob.js:18:5)","timestamp":"2025-06-15T14:06:14.203Z"}
{"level":"info","message":"Application started. Initializing sync job...","timestamp":"2025-06-15T14:07:30.321Z"}
{"level":"info","message":"Sync job scheduled to run every hour.","timestamp":"2025-06-15T14:07:30.324Z"}
{"level":"info","message":"Data fetched from Spire successfully. Starting to post to HubSpot...","timestamp":"2025-06-15T14:08:09.981Z"}
{"level":"error","message":"Error during data synchronization: HTTP error! status: 429","stack":"Error: HTTP error! status: 429\n    at #searchObjectByKey (/Users/gulshankumar/Desktop/spire/spire-hubspot-cron/src/api/spireHubspotApi.js:74:13)\n    at process.processTicksAndRejections (node:internal/process/task_queues:95:5)\n    at async #createOrUpdateHubSpotObject (/Users/gulshankumar/Desktop/spire/spire-hubspot-cron/src/api/spireHubspotApi.js:274:16)\n    at async Promise.all (index 5)\n    at async SpireHubSpotAPI.postProductsToHubspot (/Users/gulshankumar/Desktop/spire/spire-hubspot-cron/src/api/spireHubspotApi.js:323:5)\n    at async Task.syncData [as _execution] (/Users/gulshankumar/Desktop/spire/spire-hubspot-cron/src/jobs/syncJob.js:19:5)","timestamp":"2025-06-15T14:08:15.034Z"}
{"level":"info","message":"Data fetched from Spire successfully. Starting to post to HubSpot...","timestamp":"2025-06-15T14:09:09.995Z"}
{"level":"error","message":"Error during data synchronization: HTTP error! status: 429","stack":"Error: HTTP error! status: 429\n    at #searchObjectByKey (/Users/gulshankumar/Desktop/spire/spire-hubspot-cron/src/api/spireHubspotApi.js:74:13)\n    at process.processTicksAndRejections (node:internal/process/task_queues:95:5)\n    at async #createOrUpdateHubSpotObject (/Users/gulshankumar/Desktop/spire/spire-hubspot-cron/src/api/spireHubspotApi.js:274:16)\n    at async /Users/gulshankumar/Desktop/spire/spire-hubspot-cron/src/api/spireHubspotApi.js:301:21\n    at async Promise.all (index 2)\n    at async SpireHubSpotAPI.postContactsToHubspot (/Users/gulshankumar/Desktop/spire/spire-hubspot-cron/src/api/spireHubspotApi.js:296:5)\n    at async Task.syncData [as _execution] (/Users/gulshankumar/Desktop/spire/spire-hubspot-cron/src/jobs/syncJob.js:18:5)","timestamp":"2025-06-15T14:09:12.134Z"}
{"level":"info","message":"Application started. Initializing sync job...","timestamp":"2025-06-15T14:09:58.435Z"}
{"level":"info","message":"Sync job scheduled to run every hour.","timestamp":"2025-06-15T14:09:58.438Z"}
{"level":"info","message":"Data fetched from Spire successfully. Starting to post to HubSpot...","timestamp":"2025-06-15T14:10:09.741Z"}
{"level":"error","message":"Error during data synchronization: HTTP error! status: 429","stack":"Error: HTTP error! status: 429\n    at #searchObjectByKey (/Users/gulshankumar/Desktop/spire/spire-hubspot-cron/src/api/spireHubspotApi.js:74:13)\n    at process.processTicksAndRejections (node:internal/process/task_queues:95:5)\n    at async #createOrUpdateHubSpotObject (/Users/gulshankumar/Desktop/spire/spire-hubspot-cron/src/api/spireHubspotApi.js:274:16)\n    at async /Users/gulshankumar/Desktop/spire/spire-hubspot-cron/src/api/spireHubspotApi.js:340:25\n    at async Promise.all (index 3)\n    at async SpireHubSpotAPI.postDealsToHubspot (/Users/gulshankumar/Desktop/spire/spire-hubspot-cron/src/api/spireHubspotApi.js:335:5)\n    at async Task.syncData [as _execution] (/Users/gulshankumar/Desktop/spire/spire-hubspot-cron/src/jobs/syncJob.js:20:5)","timestamp":"2025-06-15T14:10:17.776Z"}
{"level":"info","message":"Application started. Initializing sync job...","timestamp":"2025-06-15T14:11:58.595Z"}
{"level":"info","message":"Sync job scheduled to run every hour.","timestamp":"2025-06-15T14:11:58.599Z"}
{"level":"info","message":"Data fetched from Spire successfully. Starting to post to HubSpot...","timestamp":"2025-06-15T14:12:10.111Z"}
{"level":"info","message":"Data synchronization completed successfully.","timestamp":"2025-06-15T14:12:25.058Z"}
{"level":"info","message":"Application started. Initializing sync job...","timestamp":"2025-06-15T16:33:33.863Z"}
{"level":"info","message":"Sync job scheduled to run every hour.","timestamp":"2025-06-15T16:33:33.865Z"}
{"level":"info","message":"Data fetched from Spire successfully. Starting to post to HubSpot...","timestamp":"2025-06-15T16:34:10.726Z"}
{"level":"error","message":"Error during data synchronization: HTTP error! status: 429","stack":"Error: HTTP error! status: 429\n    at #searchObjectByKey (/Users/gulshankumar/Desktop/spire/src/api/spireHubspotApi.js:74:13)\n    at process.processTicksAndRejections (node:internal/process/task_queues:95:5)\n    at async #createOrUpdateHubSpotObject (/Users/gulshankumar/Desktop/spire/src/api/spireHubspotApi.js:274:16)\n    at async /Users/gulshankumar/Desktop/spire/src/api/spireHubspotApi.js:327:11\n    at async Promise.all (index 4)\n    at async SpireHubSpotAPI.postProductsToHubspot (/Users/gulshankumar/Desktop/spire/src/api/spireHubspotApi.js:324:5)\n    at async Task.syncData [as _execution] (/Users/gulshankumar/Desktop/spire/src/jobs/syncJob.js:19:5)","timestamp":"2025-06-15T16:34:16.079Z"}
{"level":"info","message":"Data fetched from Spire successfully. Starting to post to HubSpot...","timestamp":"2025-06-15T16:35:09.382Z"}
{"level":"info","message":"Data synchronization completed successfully.","timestamp":"2025-06-15T16:35:25.139Z"}
{"level":"info","message":"Application started. Initializing sync job...","timestamp":"2025-06-15T17:00:45.290Z"}
{"level":"info","message":"Sync job scheduled to run every hour.","timestamp":"2025-06-15T17:00:45.293Z"}
{"level":"error","message":"Error during data synchronization: HTTP error! status: 422","stack":"Error: HTTP error! status: 422\n    at #fetchData (/Users/gulshankumar/Desktop/spire/src/api/spireHubspotApi.js:179:13)\n    at process.processTicksAndRejections (node:internal/process/task_queues:95:5)\n    at async Promise.all (index 0)\n    at async SpireHubSpotAPI.getProductsByCompany (/Users/gulshankumar/Desktop/spire/src/api/spireHubspotApi.js:232:39)\n    at async Task.syncData [as _execution] (/Users/gulshankumar/Desktop/spire/src/jobs/syncJob.js:14:5)","timestamp":"2025-06-15T17:01:07.353Z"}
{"level":"info","message":"Application started. Initializing sync job...","timestamp":"2025-06-15T17:02:31.931Z"}
{"level":"info","message":"Sync job scheduled to run every hour.","timestamp":"2025-06-15T17:02:31.934Z"}
{"level":"error","message":"Error during data synchronization: HTTP error! status: 422","stack":"Error: HTTP error! status: 422\n    at #fetchData (/Users/gulshankumar/Desktop/spire/src/api/spireHubspotApi.js:180:13)\n    at process.processTicksAndRejections (node:internal/process/task_queues:95:5)\n    at async Promise.all (index 0)\n    at async SpireHubSpotAPI.getProductsByCompany (/Users/gulshankumar/Desktop/spire/src/api/spireHubspotApi.js:233:39)\n    at async Task.syncData [as _execution] (/Users/gulshankumar/Desktop/spire/src/jobs/syncJob.js:14:5)","timestamp":"2025-06-15T17:03:08.218Z"}
{"level":"info","message":"Application started. Initializing sync job...","timestamp":"2025-06-15T17:04:53.634Z"}
{"level":"info","message":"Sync job scheduled to run every hour.","timestamp":"2025-06-15T17:04:53.638Z"}
{"level":"info","message":"Data fetched from Spire successfully. Starting to post to HubSpot...","timestamp":"2025-06-15T17:05:12.707Z"}
{"level":"info","message":"Data synchronization completed successfully.","timestamp":"2025-06-15T17:05:12.708Z"}
{"level":"info","message":"Application started. Initializing sync job...","timestamp":"2025-06-15T17:16:13.111Z"}
{"level":"info","message":"Sync job scheduled to run every hour.","timestamp":"2025-06-15T17:16:13.114Z"}
{"level":"info","message":"Data fetched from Spire successfully. Starting to post to HubSpot...","timestamp":"2025-06-15T17:17:15.686Z"}
{"level":"info","message":"Data synchronization completed successfully.","timestamp":"2025-06-15T17:17:15.687Z"}
{"level":"info","message":"Application started. Initializing sync job...","timestamp":"2025-07-09T16:25:54.976Z"}
{"level":"info","message":"Sync job scheduled to run every hour.","timestamp":"2025-07-09T16:25:54.979Z"}
{"level":"info","message":"Data fetched from Spire successfully. Starting to post to HubSpot...","timestamp":"2025-07-09T16:26:03.189Z"}
{"level":"info","message":"Data synchronization completed successfully.","timestamp":"2025-07-09T16:26:03.190Z"}
{"level":"info","message":"Application started. Initializing sync job...","timestamp":"2025-07-09T16:27:20.214Z"}
{"level":"info","message":"Sync job scheduled to run every hour.","timestamp":"2025-07-09T16:27:20.217Z"}
{"level":"info","message":"Data fetched from Spire successfully. Starting to post to HubSpot...","timestamp":"2025-07-09T16:28:03.170Z"}
{"level":"info","message":"Data synchronization completed successfully.","timestamp":"2025-07-09T16:28:03.172Z"}
{"level":"info","message":"Application started. Initializing sync job...","timestamp":"2025-07-09T16:28:37.097Z"}
{"level":"info","message":"Sync job scheduled to run every hour.","timestamp":"2025-07-09T16:28:37.101Z"}
{"level":"info","message":"Data fetched from Spire successfully. Starting to post to HubSpot...","timestamp":"2025-07-09T16:29:03.852Z"}
{"level":"error","message":"Error during data synchronization: HTTP error! status: 429","stack":"Error: HTTP error! status: 429\n    at #searchObjectByKey (/Users/gulshankumar/Desktop/spire/src/api/spireHubspotApi.js:76:13)\n    at process.processTicksAndRejections (node:internal/process/task_queues:95:5)\n    at async #createOrUpdateHubSpotObject (/Users/gulshankumar/Desktop/spire/src/api/spireHubspotApi.js:313:16)\n    at async /Users/gulshankumar/Desktop/spire/src/api/spireHubspotApi.js:341:21\n    at async Promise.all (index 12)\n    at async SpireHubSpotAPI.postContactsToHubspot (/Users/gulshankumar/Desktop/spire/src/api/spireHubspotApi.js:336:5)\n    at async Task.syncData [as _execution] (/Users/gulshankumar/Desktop/spire/src/jobs/syncJob.js:26:5)","timestamp":"2025-07-09T16:29:07.783Z"}
{"level":"info","message":"Data fetched from Spire successfully. Starting to post to HubSpot...","timestamp":"2025-07-09T16:30:03.941Z"}
{"level":"error","message":"Error during data synchronization: HTTP error! status: 429","stack":"Error: HTTP error! status: 429\n    at #searchObjectByKey (/Users/gulshankumar/Desktop/spire/src/api/spireHubspotApi.js:76:13)\n    at process.processTicksAndRejections (node:internal/process/task_queues:95:5)\n    at async #createOrUpdateHubSpotObject (/Users/gulshankumar/Desktop/spire/src/api/spireHubspotApi.js:313:16)\n    at async /Users/gulshankumar/Desktop/spire/src/api/spireHubspotApi.js:341:21\n    at async Promise.all (index 9)\n    at async SpireHubSpotAPI.postContactsToHubspot (/Users/gulshankumar/Desktop/spire/src/api/spireHubspotApi.js:336:5)\n    at async Task.syncData [as _execution] (/Users/gulshankumar/Desktop/spire/src/jobs/syncJob.js:26:5)","timestamp":"2025-07-09T16:30:06.656Z"}
{"level":"info","message":"Application started. Initializing sync job...","timestamp":"2025-07-09T16:32:31.743Z"}
{"level":"info","message":"Sync job scheduled to run every hour.","timestamp":"2025-07-09T16:32:31.746Z"}
{"level":"info","message":"Data fetched from Spire successfully. Starting to post to HubSpot...","timestamp":"2025-07-09T16:33:04.488Z"}
{"level":"error","message":"Error during data synchronization: HTTP error! status: 409","stack":"Error: HTTP error! status: 409\n    at #createHubSpotObject (/Users/gulshankumar/Desktop/spire/src/api/spireHubspotApi.js:106:13)\n    at process.processTicksAndRejections (node:internal/process/task_queues:95:5)\n    at async #createOrUpdateHubSpotObject (/Users/gulshankumar/Desktop/spire/src/api/spireHubspotApi.js:322:14)\n    at async /Users/gulshankumar/Desktop/spire/src/api/spireHubspotApi.js:345:21\n    at async Promise.all (index 2)\n    at async SpireHubSpotAPI.postContactsToHubspot (/Users/gulshankumar/Desktop/spire/src/api/spireHubspotApi.js:340:5)\n    at async Task.syncData [as _execution] (/Users/gulshankumar/Desktop/spire/src/jobs/syncJob.js:26:5)","timestamp":"2025-07-09T16:33:07.709Z"}
{"level":"info","message":"Application started. Initializing sync job...","timestamp":"2025-07-09T16:36:58.247Z"}
{"level":"info","message":"Sync job scheduled to run every hour.","timestamp":"2025-07-09T16:36:58.250Z"}
{"level":"info","message":"Application started. Initializing sync job...","timestamp":"2025-07-09T16:37:29.970Z"}
{"level":"info","message":"Sync job scheduled to run every hour.","timestamp":"2025-07-09T16:37:29.972Z"}
{"level":"info","message":"Application started. Initializing sync job...","timestamp":"2025-07-09T16:39:18.299Z"}
{"level":"info","message":"Sync job scheduled to run every hour.","timestamp":"2025-07-09T16:39:18.302Z"}
{"level":"info","message":"Application started. Initializing sync job...","timestamp":"2025-07-09T16:40:19.314Z"}
{"level":"info","message":"Sync job scheduled to run every hour.","timestamp":"2025-07-09T16:40:19.317Z"}
{"level":"info","message":"Data fetched from Spire successfully. Starting to post to HubSpot...","timestamp":"2025-07-09T16:41:04.123Z"}
{"level":"info","message":"Data synchronization completed successfully.","timestamp":"2025-07-09T16:41:04.123Z"}
{"level":"info","message":"Application started. Initializing sync job...","timestamp":"2025-07-09T18:14:51.575Z"}
{"level":"info","message":"Sync job scheduled to run every hour.","timestamp":"2025-07-09T18:14:51.578Z"}
{"level":"error","message":"Error during data synchronization: purchasingData is not defined","stack":"ReferenceError: purchasingData is not defined\n    at SpireHubSpotAPI.getDealsByCompany (/Users/gulshankumar/Desktop/spire/src/api/spireHubspotApi.js:297:22)\n    at process.processTicksAndRejections (node:internal/process/task_queues:95:5)\n    at async Task.syncData [as _execution] (/Users/gulshankumar/Desktop/spire/src/jobs/syncJob.js:15:5)","timestamp":"2025-07-09T18:15:03.481Z"}
{"level":"info","message":"Application started. Initializing sync job...","timestamp":"2025-07-09T18:15:59.410Z"}
{"level":"info","message":"Sync job scheduled to run every hour.","timestamp":"2025-07-09T18:15:59.413Z"}
{"level":"error","message":"Error during data synchronization: purchasingData is not defined","stack":"ReferenceError: purchasingData is not defined\n    at SpireHubSpotAPI.getDealsByCompany (/Users/gulshankumar/Desktop/spire/src/api/spireHubspotApi.js:297:22)\n    at process.processTicksAndRejections (node:internal/process/task_queues:95:5)\n    at async Task.syncData [as _execution] (/Users/gulshankumar/Desktop/spire/src/jobs/syncJob.js:15:5)","timestamp":"2025-07-09T18:16:03.300Z"}
{"level":"error","message":"Error during data synchronization: purchasingData is not defined","stack":"ReferenceError: purchasingData is not defined\n    at SpireHubSpotAPI.getDealsByCompany (/Users/gulshankumar/Desktop/spire/src/api/spireHubspotApi.js:297:22)\n    at process.processTicksAndRejections (node:internal/process/task_queues:95:5)\n    at async Task.syncData [as _execution] (/Users/gulshankumar/Desktop/spire/src/jobs/syncJob.js:15:5)","timestamp":"2025-07-09T18:17:03.376Z"}
{"level":"info","message":"Application started. Initializing sync job...","timestamp":"2025-07-09T18:23:35.220Z"}
{"level":"info","message":"Sync job scheduled to run every hour.","timestamp":"2025-07-09T18:23:35.225Z"}
{"level":"error","message":"Error during data synchronization: purchasingData is not defined","stack":"ReferenceError: purchasingData is not defined\n    at SpireHubSpotAPI.getDealsByCompany (/Users/gulshankumar/Desktop/spire/src/api/spireHubspotApi.js:314:22)\n    at process.processTicksAndRejections (node:internal/process/task_queues:95:5)\n    at async Task.syncData [as _execution] (/Users/gulshankumar/Desktop/spire/src/jobs/syncJob.js:15:5)","timestamp":"2025-07-09T18:24:03.263Z"}
{"level":"info","message":"Application started. Initializing sync job...","timestamp":"2025-07-09T18:24:32.588Z"}
{"level":"info","message":"Sync job scheduled to run every hour.","timestamp":"2025-07-09T18:24:32.591Z"}
{"level":"info","message":"Data fetched from Spire successfully. Starting to post to HubSpot...","timestamp":"2025-07-09T18:25:03.601Z"}
{"level":"info","message":"Data synchronization completed successfully.","timestamp":"2025-07-09T18:25:03.601Z"}
{"level":"info","message":"Application started. Initializing sync job...","timestamp":"2025-07-09T18:47:30.969Z"}
{"level":"info","message":"Sync job scheduled to run every hour.","timestamp":"2025-07-09T18:47:30.974Z"}
{"level":"info","message":"Data fetched from Spire successfully. Starting to post to HubSpot...","timestamp":"2025-07-09T18:48:01.137Z"}
{"level":"info","message":"Data synchronization completed successfully.","timestamp":"2025-07-09T18:48:01.138Z"}
{"level":"info","message":"Data fetched from Spire successfully. Starting to post to HubSpot...","timestamp":"2025-07-09T18:49:01.230Z"}
{"level":"info","message":"Data synchronization completed successfully.","timestamp":"2025-07-09T18:49:01.230Z"}
{"level":"info","message":"Data fetched from Spire successfully. Starting to post to HubSpot...","timestamp":"2025-07-09T18:50:01.276Z"}
{"level":"info","message":"Data synchronization completed successfully.","timestamp":"2025-07-09T18:50:01.276Z"}
{"level":"info","message":"Application started. Initializing sync job...","timestamp":"2025-07-09T19:06:25.453Z"}
{"level":"info","message":"Sync job scheduled to run every hour.","timestamp":"2025-07-09T19:06:25.455Z"}
{"level":"info","message":"Data fetched from Spire successfully. Starting to post to HubSpot...","timestamp":"2025-07-09T19:07:01.624Z"}
{"level":"info","message":"Data synchronization completed successfully.","timestamp":"2025-07-09T19:07:01.625Z"}
{"level":"info","message":"Application started. Initializing sync job...","timestamp":"2025-07-09T19:08:42.641Z"}
{"level":"info","message":"Sync job scheduled to run every hour.","timestamp":"2025-07-09T19:08:42.644Z"}
{"level":"info","message":"Application started. Initializing sync job...","timestamp":"2025-07-09T19:10:18.410Z"}
{"level":"info","message":"Sync job scheduled to run every hour.","timestamp":"2025-07-09T19:10:18.413Z"}
{"level":"info","message":"Data fetched from Spire successfully. Starting to post to HubSpot...","timestamp":"2025-07-09T19:11:03.741Z"}
{"level":"info","message":"Data synchronization completed successfully.","timestamp":"2025-07-09T19:11:03.741Z"}
{"level":"info","message":"Application started. Initializing sync job...","timestamp":"2025-07-09T19:12:45.444Z"}
{"level":"info","message":"Sync job scheduled to run every hour.","timestamp":"2025-07-09T19:12:45.447Z"}
{"level":"info","message":"Data fetched from Spire successfully. Starting to post to HubSpot...","timestamp":"2025-07-09T19:13:01.565Z"}
{"level":"info","message":"Data synchronization completed successfully.","timestamp":"2025-07-09T19:13:08.226Z"}
{"level":"info","message":"Application started. Initializing sync job...","timestamp":"2025-07-09T19:17:12.040Z"}
{"level":"info","message":"Sync job scheduled to run every hour.","timestamp":"2025-07-09T19:17:12.043Z"}
{"level":"error","message":"Error during data synchronization: HTTP error! status: 401","stack":"Error: HTTP error! status: 401\n    at SpireHubSpotAPI.getDealLineItemsByOrderNo (/Users/gulshankumar/Desktop/spire/src/api/spireHubspotApi.js:208:13)\n    at process.processTicksAndRejections (node:internal/process/task_queues:95:5)\n    at async SpireHubSpotAPI.postOrderandItems (/Users/gulshankumar/Desktop/spire/src/api/spireHubspotApi.js:227:27)\n    at async Task.syncData [as _execution] (/Users/gulshankumar/Desktop/spire/src/jobs/syncJob.js:18:5)","timestamp":"2025-07-09T19:18:01.340Z"}
{"level":"info","message":"Application started. Initializing sync job...","timestamp":"2025-07-09T19:32:58.003Z"}
{"level":"info","message":"Sync job scheduled to run every hour.","timestamp":"2025-07-09T19:32:58.006Z"}
{"level":"info","message":"Data fetched from Spire successfully. Starting to post to HubSpot...","timestamp":"2025-07-09T19:33:02.314Z"}
{"level":"info","message":"Data synchronization completed successfully.","timestamp":"2025-07-09T19:33:02.314Z"}
{"level":"info","message":"Application started. Initializing sync job...","timestamp":"2025-07-09T19:41:12.920Z"}
{"level":"info","message":"Sync job scheduled to run every hour.","timestamp":"2025-07-09T19:41:12.923Z"}
{"level":"info","message":"Data fetched from Spire successfully. Starting to post to HubSpot...","timestamp":"2025-07-09T19:42:03.453Z"}
{"level":"info","message":"Data synchronization completed successfully.","timestamp":"2025-07-09T19:42:03.453Z"}
{"level":"info","message":"Application started. Initializing sync job...","timestamp":"2025-07-09T19:43:25.770Z"}
{"level":"info","message":"Sync job scheduled to run every hour.","timestamp":"2025-07-09T19:43:25.774Z"}
{"level":"info","message":"Data fetched from Spire successfully. Starting to post to HubSpot...","timestamp":"2025-07-09T19:44:03.299Z"}
{"level":"info","message":"Data synchronization completed successfully.","timestamp":"2025-07-09T19:44:03.300Z"}
{"level":"info","message":"Data fetched from Spire successfully. Starting to post to HubSpot...","timestamp":"2025-07-09T19:45:03.224Z"}
{"level":"info","message":"Data synchronization completed successfully.","timestamp":"2025-07-09T19:45:03.225Z"}
{"level":"info","message":"Data fetched from Spire successfully. Starting to post to HubSpot...","timestamp":"2025-07-09T19:46:02.498Z"}
{"level":"info","message":"Data synchronization completed successfully.","timestamp":"2025-07-09T19:46:02.499Z"}
{"level":"info","message":"Data fetched from Spire successfully. Starting to post to HubSpot...","timestamp":"2025-07-09T19:47:02.431Z"}
{"level":"info","message":"Data synchronization completed successfully.","timestamp":"2025-07-09T19:47:02.432Z"}
{"level":"info","message":"Data fetched from Spire successfully. Starting to post to HubSpot...","timestamp":"2025-07-09T19:48:03.021Z"}
{"level":"info","message":"Data synchronization completed successfully.","timestamp":"2025-07-09T19:48:03.022Z"}
{"cause":{"code":"UND_ERR_CONNECT_TIMEOUT","message":"Connect Timeout Error","name":"ConnectTimeoutError"},"level":"error","message":"Error during data synchronization: fetch failed","stack":"TypeError: fetch failed\n    at Object.fetch (node:internal/deps/undici/undici:11730:11)\n    at process.processTicksAndRejections (node:internal/process/task_queues:95:5)\n    at async SpireHubSpotAPI.getDealLineItemsByOrderNo (/Users/gulshankumar/Desktop/spire/src/api/spireHubspotApi.js:200:22)\n    at async SpireHubSpotAPI.postOrderandItems (/Users/gulshankumar/Desktop/spire/src/api/spireHubspotApi.js:228:22)\n    at async Task.syncData [as _execution] (/Users/gulshankumar/Desktop/spire/src/jobs/syncJob.js:18:5)","timestamp":"2025-07-09T19:49:31.974Z"}
{"cause":{"code":"UND_ERR_CONNECT_TIMEOUT","message":"Connect Timeout Error","name":"ConnectTimeoutError"},"level":"error","message":"Error during data synchronization: fetch failed","stack":"TypeError: fetch failed\n    at Object.fetch (node:internal/deps/undici/undici:11730:11)\n    at process.processTicksAndRejections (node:internal/process/task_queues:95:5)\n    at async SpireHubSpotAPI.getDealLineItemsByOrderNo (/Users/gulshankumar/Desktop/spire/src/api/spireHubspotApi.js:200:22)\n    at async SpireHubSpotAPI.postOrderandItems (/Users/gulshankumar/Desktop/spire/src/api/spireHubspotApi.js:228:22)\n    at async Task.syncData [as _execution] (/Users/gulshankumar/Desktop/spire/src/jobs/syncJob.js:18:5)","timestamp":"2025-07-09T19:50:10.044Z"}
{"cause":{"code":"UND_ERR_CONNECT_TIMEOUT","message":"Connect Timeout Error","name":"ConnectTimeoutError"},"level":"error","message":"Error during data synchronization: fetch failed","stack":"TypeError: fetch failed\n    at Object.fetch (node:internal/deps/undici/undici:11730:11)\n    at process.processTicksAndRejections (node:internal/process/task_queues:95:5)\n    at async SpireHubSpotAPI.getDealLineItemsByOrderNo (/Users/gulshankumar/Desktop/spire/src/api/spireHubspotApi.js:200:22)\n    at async SpireHubSpotAPI.postOrderandItems (/Users/gulshankumar/Desktop/spire/src/api/spireHubspotApi.js:228:22)\n    at async Task.syncData [as _execution] (/Users/gulshankumar/Desktop/spire/src/jobs/syncJob.js:18:5)","timestamp":"2025-07-09T20:03:10.713Z"}
{"level":"info","message":"Data fetched from Spire successfully. Starting to post to HubSpot...","timestamp":"2025-07-09T20:04:02.871Z"}
{"level":"info","message":"Data synchronization completed successfully.","timestamp":"2025-07-09T20:04:02.871Z"}
{"level":"info","message":"Application started. Initializing sync job...","timestamp":"2025-07-09T20:05:02.078Z"}
{"level":"info","message":"Sync job scheduled to run every hour.","timestamp":"2025-07-09T20:05:02.081Z"}
{"level":"info","message":"Application started. Initializing sync job...","timestamp":"2025-07-09T20:06:32.818Z"}
{"level":"info","message":"Sync job scheduled to run every hour.","timestamp":"2025-07-09T20:06:32.821Z"}
{"level":"error","message":"Error during data synchronization: dealId is not defined","stack":"ReferenceError: dealId is not defined\n    at SpireHubSpotAPI.postOrderandItems (/Users/gulshankumar/Desktop/spire/src/api/spireHubspotApi.js:276:33)\n    at process.processTicksAndRejections (node:internal/process/task_queues:95:5)\n    at async Task.syncData [as _execution] (/Users/gulshankumar/Desktop/spire/src/jobs/syncJob.js:18:5)","timestamp":"2025-07-09T20:07:03.012Z"}
{"level":"info","message":"Application started. Initializing sync job...","timestamp":"2025-07-09T20:07:30.327Z"}
{"level":"info","message":"Sync job scheduled to run every hour.","timestamp":"2025-07-09T20:07:30.330Z"}
{"level":"info","message":"Data fetched from Spire successfully. Starting to post to HubSpot...","timestamp":"2025-07-09T20:08:02.574Z"}
{"level":"info","message":"Data synchronization completed successfully.","timestamp":"2025-07-09T20:08:02.575Z"}
{"level":"info","message":"Application started. Initializing sync job...","timestamp":"2025-07-09T20:12:29.979Z"}
{"level":"info","message":"Sync job scheduled to run every hour.","timestamp":"2025-07-09T20:12:29.981Z"}
{"level":"info","message":"Application started. Initializing sync job...","timestamp":"2025-07-09T20:12:42.419Z"}
{"level":"info","message":"Sync job scheduled to run every hour.","timestamp":"2025-07-09T20:12:42.421Z"}
{"level":"info","message":"Data fetched from Spire successfully. Starting to post to HubSpot...","timestamp":"2025-07-09T20:13:01.582Z"}
{"level":"info","message":"Data synchronization completed successfully.","timestamp":"2025-07-09T20:13:01.582Z"}
{"level":"info","message":"Application started. Initializing sync job...","timestamp":"2025-07-09T20:14:18.368Z"}
{"level":"info","message":"Sync job scheduled to run every hour.","timestamp":"2025-07-09T20:14:18.371Z"}
{"level":"info","message":"Data fetched from Spire successfully. Starting to post to HubSpot...","timestamp":"2025-07-09T20:15:00.432Z"}
{"level":"info","message":"Application started. Initializing sync job...","timestamp":"2025-07-09T20:15:11.845Z"}
{"level":"info","message":"Sync job scheduled to run every hour.","timestamp":"2025-07-09T20:15:11.848Z"}
{"level":"info","message":"Data fetched from Spire successfully. Starting to post to HubSpot...","timestamp":"2025-07-09T20:16:00.920Z"}
{"level":"info","message":"Data synchronization completed successfully.","timestamp":"2025-07-09T20:16:04.065Z"}
{"level":"info","message":"Application started. Initializing sync job...","timestamp":"2025-07-09T20:17:21.079Z"}
{"level":"info","message":"Sync job scheduled to run every hour.","timestamp":"2025-07-09T20:17:21.082Z"}
{"level":"info","message":"Data fetched from Spire successfully. Starting to post to HubSpot...","timestamp":"2025-07-09T20:18:00.142Z"}
{"level":"info","message":"Data synchronization completed successfully.","timestamp":"2025-07-09T20:18:03.451Z"}
{"level":"info","message":"Application started. Initializing sync job...","timestamp":"2025-07-09T20:18:24.506Z"}
{"level":"info","message":"Sync job scheduled to run every hour.","timestamp":"2025-07-09T20:18:24.508Z"}
{"level":"error","message":"Error during data synchronization: deal is not defined","stack":"ReferenceError: deal is not defined\n    at Task.syncData [as _execution] (/Users/gulshankumar/Desktop/spire/src/jobs/syncJob.js:18:33)\n    at Task.execute (/Users/gulshankumar/Desktop/spire/node_modules/node-cron/src/task.js:17:25)\n    at ScheduledTask.now (/Users/gulshankumar/Desktop/spire/node_modules/node-cron/src/scheduled-task.js:38:33)\n    at Scheduler.<anonymous> (/Users/gulshankumar/Desktop/spire/node_modules/node-cron/src/scheduled-task.js:25:18)\n    at Scheduler.emit (node:events:517:28)\n    at Timeout.matchTime [as _onTimeout] (/Users/gulshankumar/Desktop/spire/node_modules/node-cron/src/scheduler.js:30:26)\n    at listOnTimeout (node:internal/timers:569:17)\n    at process.processTimers (node:internal/timers:512:7)","timestamp":"2025-07-09T20:19:00.565Z"}
{"level":"info","message":"Application started. Initializing sync job...","timestamp":"2025-07-09T20:19:34.151Z"}
{"level":"info","message":"Sync job scheduled to run every hour.","timestamp":"2025-07-09T20:19:34.153Z"}
{"level":"info","message":"Data fetched from Spire successfully. Starting to post to HubSpot...","timestamp":"2025-07-09T20:20:02.525Z"}
{"level":"info","message":"Data synchronization completed successfully.","timestamp":"2025-07-09T20:20:02.525Z"}
{"level":"info","message":"Application started. Initializing sync job...","timestamp":"2025-07-09T20:21:01.605Z"}
{"level":"info","message":"Sync job scheduled to run every hour.","timestamp":"2025-07-09T20:21:01.608Z"}
{"level":"info","message":"Application started. Initializing sync job...","timestamp":"2025-07-09T20:21:29.608Z"}
{"level":"info","message":"Sync job scheduled to run every hour.","timestamp":"2025-07-09T20:21:29.611Z"}
{"level":"info","message":"Data fetched from Spire successfully. Starting to post to HubSpot...","timestamp":"2025-07-09T20:22:02.747Z"}
{"level":"info","message":"Data synchronization completed successfully.","timestamp":"2025-07-09T20:22:02.748Z"}
{"level":"info","message":"Data fetched from Spire successfully. Starting to post to HubSpot...","timestamp":"2025-07-09T20:23:02.973Z"}
{"level":"info","message":"Data synchronization completed successfully.","timestamp":"2025-07-09T20:23:02.973Z"}
{"level":"info","message":"Application started. Initializing sync job...","timestamp":"2025-07-09T20:23:46.955Z"}
{"level":"info","message":"Sync job scheduled to run every hour.","timestamp":"2025-07-09T20:23:46.958Z"}
{"level":"info","message":"Data fetched from Spire successfully. Starting to post to HubSpot...","timestamp":"2025-07-09T20:24:03.129Z"}
{"level":"info","message":"Data synchronization completed successfully.","timestamp":"2025-07-09T20:24:03.130Z"}
{"level":"info","message":"Application started. Initializing sync job...","timestamp":"2025-07-09T20:24:58.348Z"}
{"level":"info","message":"Sync job scheduled to run every hour.","timestamp":"2025-07-09T20:24:58.351Z"}
{"level":"info","message":"Data fetched from Spire successfully. Starting to post to HubSpot...","timestamp":"2025-07-09T20:25:02.540Z"}
{"level":"info","message":"Data synchronization completed successfully.","timestamp":"2025-07-09T20:25:02.541Z"}
{"level":"info","message":"Application started. Initializing sync job...","timestamp":"2025-07-09T20:26:46.808Z"}
{"level":"info","message":"Sync job scheduled to run every hour.","timestamp":"2025-07-09T20:26:46.811Z"}
{"level":"info","message":"Data fetched from Spire successfully. Starting to post to HubSpot...","timestamp":"2025-07-09T20:27:03.038Z"}
{"level":"info","message":"Data synchronization completed successfully.","timestamp":"2025-07-09T20:27:03.039Z"}
